{
  "Cucumber Features": {
    "coverage": {
      "/home/ec2-user/environment/group10-19-s1-esas/features/support/paths.rb": [
        null,
        null,
        null,
        null,
        null,
        1,
        null,
        null,
        null,
        null,
        null,
        null,
        1,
        21,
        null,
        null,
        1,
        null,
        null,
        1,
        null,
        null,
        2,
        null,
        null,
        1,
        null,
        null,
        9,
        null,
        null,
        6,
        null,
        null,
        1,
        null,
        null,
        null,
        null,
        null,
        null,
        null,
        null,
        null,
        null,
        0,
        0,
        0,
        0,
        0,
        null,
        null,
        null,
        null,
        null,
        null,
        1
      ],
      "/home/ec2-user/environment/group10-19-s1-esas/features/support/selectors.rb": [
        null,
        null,
        null,
        null,
        null,
        1,
        null,
        null,
        null,
        null,
        null,
        null,
        1,
        0,
        null,
        null,
        0,
        null,
        null,
        null,
        null,
        null,
        null,
        null,
        null,
        null,
        null,
        null,
        null,
        null,
        null,
        null,
        null,
        null,
        0,
        null,
        null,
        0,
        null,
        null,
        null,
        null,
        null,
        1
      ],
      "/home/ec2-user/environment/group10-19-s1-esas/db/seeds.rb": [
        null,
        null,
        null,
        null,
        null,
        null,
        null,
        null,
        1,
        null,
        null,
        null,
        null,
        null,
        null,
        null,
        1,
        null,
        null,
        null,
        null,
        null,
        null,
        null,
        null,
        null,
        1,
        null,
        null,
        null,
        null,
        null,
        null,
        null,
        null,
        null,
        null,
        null,
        null,
        null,
        null,
        null,
        null,
        null,
        null,
        null,
        null,
        null,
        null,
        null,
        null
      ],
      "/home/ec2-user/environment/group10-19-s1-esas/app/models/voter.rb": [
        1,
        1,
        1,
        3,
        3,
        3,
        null,
        0,
        0,
        0,
        null,
        null,
        null
      ],
      "/home/ec2-user/environment/group10-19-s1-esas/app/models/application_record.rb": [
        1,
        1,
        null
      ],
      "/home/ec2-user/environment/group10-19-s1-esas/app/models/party.rb": [
        1,
        1,
        null,
        1,
        null
      ],
      "/home/ec2-user/environment/group10-19-s1-esas/app/models/candidate.rb": [
        1,
        1,
        null,
        1,
        null
      ],
      "/home/ec2-user/environment/group10-19-s1-esas/app/controllers/parties_controller.rb": [
        1,
        1,
        null,
        null,
        null,
        1,
        2,
        null,
        null,
        null,
        null,
        1,
        null,
        null,
        null,
        1,
        2,
        null,
        null,
        null,
        1,
        null,
        null,
        null,
        null,
        1,
        2,
        null,
        2,
        2,
        2,
        1,
        null,
        2,
        null,
        null,
        null,
        null,
        null,
        null,
        1,
        1,
        1,
        2,
        1,
        null,
        0,
        0,
        null,
        null,
        null,
        null,
        null,
        null,
        1,
        0,
        0,
        0,
        0,
        null,
        null,
        null,
        1,
        null,
        1,
        5,
        null,
        null,
        null,
        1,
        3,
        null,
        null
      ],
      "/home/ec2-user/environment/group10-19-s1-esas/app/controllers/application_controller.rb": [
        1,
        1,
        null
      ],
      "/home/ec2-user/environment/group10-19-s1-esas/app/helpers/application_helper.rb": [
        1,
        null
      ],
      "/home/ec2-user/environment/group10-19-s1-esas/app/helpers/admin_helper.rb": [
        1,
        null
      ],
      "/home/ec2-user/environment/group10-19-s1-esas/app/helpers/canidates_helper.rb": [
        1,
        null
      ],
      "/home/ec2-user/environment/group10-19-s1-esas/app/helpers/parties_helper.rb": [
        1,
        null
      ],
      "/home/ec2-user/environment/group10-19-s1-esas/app/helpers/vote_counter_helper.rb": [
        1,
        null
      ],
      "/home/ec2-user/environment/group10-19-s1-esas/app/helpers/voters_helper.rb": [
        1,
        null
      ],
      "/home/ec2-user/environment/group10-19-s1-esas/app/controllers/candidates_controller.rb": [
        1,
        1,
        null,
        null,
        null,
        1,
        3,
        null,
        null,
        null,
        null,
        1,
        3,
        3,
        null,
        null,
        null,
        1,
        3,
        null,
        null,
        null,
        1,
        null,
        null,
        null,
        null,
        1,
        3,
        null,
        3,
        3,
        4,
        2,
        null,
        2,
        null,
        null,
        null,
        null,
        null,
        null,
        1,
        1,
        1,
        2,
        1,
        null,
        0,
        0,
        null,
        null,
        null,
        null,
        null,
        null,
        1,
        0,
        0,
        0,
        0,
        null,
        null,
        null,
        1,
        null,
        1,
        5,
        null,
        null,
        null,
        1,
        4,
        null,
        null
      ],
      "/home/ec2-user/environment/group10-19-s1-esas/app/controllers/voters_controller.rb": [
        1,
        null,
        null,
        null,
        null,
        1,
        6,
        6,
        6,
        6,
        null,
        null,
        1,
        0,
        null,
        null,
        1,
        10,
        null,
        null,
        1,
        0,
        0,
        null,
        null,
        1,
        2,
        2,
        2,
        2,
        48,
        null,
        2,
        null,
        2,
        1,
        null,
        null,
        2,
        2,
        2,
        2,
        2,
        50,
        50,
        50,
        50,
        782,
        1,
        1,
        null,
        782,
        null,
        50,
        50,
        50,
        50,
        50,
        null,
        null,
        null,
        null,
        1,
        4,
        4,
        4,
        4,
        4,
        4,
        32,
        23,
        null,
        null,
        4,
        21,
        3,
        3,
        18,
        1,
        null,
        null,
        3,
        2,
        2,
        48,
        null,
        2,
        null,
        null,
        null,
        null,
        null,
        1,
        1,
        1,
        1,
        1,
        1,
        1,
        1,
        24,
        12,
        null,
        null,
        null,
        null,
        1,
        13,
        1,
        1,
        12,
        0,
        null,
        null,
        1,
        1,
        null,
        null,
        null,
        null,
        null,
        null,
        null,
        1,
        0,
        0,
        null,
        null,
        null,
        1,
        0,
        null,
        null,
        null,
        1,
        null,
        null,
        null,
        null,
        1,
        0,
        null,
        0,
        0,
        0,
        0,
        null,
        0,
        0,
        null,
        null,
        null,
        null,
        null,
        null,
        1,
        0,
        0,
        0,
        0,
        null,
        0,
        0,
        null,
        null,
        null,
        null,
        null,
        null,
        1,
        0,
        0,
        0,
        0,
        0,
        0,
        null,
        null,
        null,
        1,
        null,
        1,
        0,
        null,
        null,
        null,
        1,
        0,
        null,
        null
      ],
      "/home/ec2-user/environment/group10-19-s1-esas/app/models/vote.rb": [
        1,
        1,
        null
      ]
    },
    "timestamp": 1560437815
  },
  "RSpec": {
    "coverage": {
      "/home/ec2-user/environment/group10-19-s1-esas/config/environment.rb": [
        null,
        1,
        null,
        null,
        1
      ],
      "/home/ec2-user/environment/group10-19-s1-esas/config/application.rb": [
        1,
        null,
        1,
        null,
        null,
        null,
        1,
        null,
        1,
        1,
        null,
        null,
        null,
        null,
        null
      ],
      "/home/ec2-user/environment/group10-19-s1-esas/config/boot.rb": [
        1,
        null,
        1
      ],
      "/home/ec2-user/environment/group10-19-s1-esas/config/environments/test.rb": [
        1,
        null,
        null,
        null,
        null,
        null,
        null,
        1,
        null,
        null,
        null,
        null,
        1,
        null,
        null,
        1,
        1,
        null,
        null,
        null,
        null,
        1,
        1,
        null,
        null,
        1,
        null,
        null,
        1,
        1,
        null,
        null,
        null,
        null,
        1,
        null,
        null,
        1,
        null,
        null,
        null,
        null
      ],
      "/home/ec2-user/environment/group10-19-s1-esas/config/initializers/application_controller_renderer.rb": [
        null,
        null,
        null,
        null,
        null,
        null
      ],
      "/home/ec2-user/environment/group10-19-s1-esas/config/initializers/assets.rb": [
        null,
        null,
        null,
        1,
        null,
        null,
        null,
        null,
        null,
        null,
        null
      ],
      "/home/ec2-user/environment/group10-19-s1-esas/config/initializers/backtrace_silencers.rb": [
        null,
        null,
        null,
        null,
        null,
        null,
        null
      ],
      "/home/ec2-user/environment/group10-19-s1-esas/config/initializers/cookies_serializer.rb": [
        null,
        null,
        null,
        null,
        1
      ],
      "/home/ec2-user/environment/group10-19-s1-esas/config/initializers/filter_parameter_logging.rb": [
        null,
        null,
        null,
        1
      ],
      "/home/ec2-user/environment/group10-19-s1-esas/config/initializers/inflections.rb": [
        null,
        null,
        null,
        null,
        null,
        null,
        null,
        null,
        null,
        null,
        null,
        null,
        null,
        null,
        null,
        null
      ],
      "/home/ec2-user/environment/group10-19-s1-esas/config/initializers/mime_types.rb": [
        null,
        null,
        null,
        null
      ],
      "/home/ec2-user/environment/group10-19-s1-esas/config/initializers/new_framework_defaults.rb": [
        null,
        null,
        null,
        null,
        null,
        null,
        null,
        1,
        null,
        null,
        1,
        null,
        null,
        null,
        1,
        null,
        null,
        1,
        null,
        null,
        1,
        null,
        null,
        1
      ],
      "/home/ec2-user/environment/group10-19-s1-esas/config/initializers/session_store.rb": [
        null,
        null,
        1
      ],
      "/home/ec2-user/environment/group10-19-s1-esas/config/initializers/wrap_parameters.rb": [
        null,
        null,
        null,
        null,
        null,
        null,
        1,
        2,
        null,
        null,
        null,
        null,
        null,
        null
      ],
      "/home/ec2-user/environment/group10-19-s1-esas/spec/factories/voter.rb": [
        1,
        1,
        null,
        null
      ],
      "/home/ec2-user/environment/group10-19-s1-esas/config/routes.rb": [
        1,
        1,
        1,
        1,
        1,
        1,
        1,
        1,
        1,
        1,
        null,
        null,
        null
      ],
      "/home/ec2-user/environment/group10-19-s1-esas/app/helpers/admin_helper.rb": [
        1,
        null
      ],
      "/home/ec2-user/environment/group10-19-s1-esas/app/helpers/application_helper.rb": [
        1,
        null
      ],
      "/home/ec2-user/environment/group10-19-s1-esas/app/helpers/canidates_helper.rb": [
        1,
        null
      ],
      "/home/ec2-user/environment/group10-19-s1-esas/app/helpers/parties_helper.rb": [
        1,
        null
      ],
      "/home/ec2-user/environment/group10-19-s1-esas/app/helpers/vote_counter_helper.rb": [
        1,
        null
      ],
      "/home/ec2-user/environment/group10-19-s1-esas/app/helpers/voters_helper.rb": [
        1,
        null
      ],
      "/home/ec2-user/environment/group10-19-s1-esas/spec/support/factory_bot.rb": [
        1,
        1,
        null
      ],
      "/home/ec2-user/environment/group10-19-s1-esas/app/controllers/admin_controller.rb": [
        1,
        null
      ],
      "/home/ec2-user/environment/group10-19-s1-esas/app/controllers/application_controller.rb": [
        1,
        1,
        null
      ],
      "/home/ec2-user/environment/group10-19-s1-esas/spec/controllers/candidates_controller_spec.rb": [
        1,
        null,
        null,
        1,
        null,
        null
      ],
      "/home/ec2-user/environment/group10-19-s1-esas/app/controllers/candidates_controller.rb": [
        1,
        1,
        null,
        null,
        null,
        1,
        0,
        null,
        null,
        null,
        null,
        1,
        0,
        0,
        null,
        null,
        null,
        1,
        0,
        null,
        null,
        null,
        1,
        null,
        null,
        null,
        null,
        1,
        0,
        null,
        0,
        0,
        0,
        0,
        null,
        0,
        null,
        null,
        null,
        null,
        null,
        null,
        1,
        0,
        0,
        0,
        0,
        null,
        0,
        0,
        null,
        null,
        null,
        null,
        null,
        null,
        1,
        0,
        0,
        0,
        0,
        null,
        null,
        null,
        1,
        null,
        1,
        0,
        null,
        null,
        null,
        1,
        0,
        null,
        null
      ],
      "/home/ec2-user/environment/group10-19-s1-esas/spec/controllers/parties_controller_spec.rb": [
        1,
        null,
        null,
        1,
        null,
        null,
        null
      ],
      "/home/ec2-user/environment/group10-19-s1-esas/app/controllers/parties_controller.rb": [
        1,
        1,
        null,
        null,
        null,
        1,
        0,
        null,
        null,
        null,
        null,
        1,
        null,
        null,
        null,
        1,
        0,
        null,
        null,
        null,
        1,
        null,
        null,
        null,
        null,
        1,
        0,
        null,
        0,
        0,
        0,
        0,
        null,
        0,
        null,
        null,
        null,
        null,
        null,
        null,
        1,
        0,
        0,
        0,
        0,
        null,
        0,
        0,
        null,
        null,
        null,
        null,
        null,
        null,
        1,
        0,
        0,
        0,
        0,
        null,
        null,
        null,
        1,
        null,
        1,
        0,
        null,
        null,
        null,
        1,
        0,
        null,
        null
      ],
      "/home/ec2-user/environment/group10-19-s1-esas/spec/controllers/vote_counter_controller_spec.rb": [
        1,
        null,
        1,
        null,
        null
      ],
      "/home/ec2-user/environment/group10-19-s1-esas/app/controllers/vote_counter_controller.rb": [
        1,
        null
      ],
      "/home/ec2-user/environment/group10-19-s1-esas/spec/controllers/voters_controller_spec.rb": [
        1,
        null,
        null,
        null,
        null,
        null,
        null,
        null,
        null,
        null,
        null,
        null,
        null,
        null,
        null,
        null,
        null,
        null,
        null,
        null,
        null,
        null,
        null,
        null,
        null,
        1,
        null,
        null
      ],
      "/home/ec2-user/environment/group10-19-s1-esas/app/controllers/voters_controller.rb": [
        1,
        null,
        null,
        null,
        null,
        1,
        0,
        0,
        0,
        0,
        null,
        null,
        1,
        0,
        null,
        null,
        1,
        0,
        null,
        null,
        1,
        0,
        0,
        null,
        null,
        1,
        0,
        0,
        0,
        0,
        0,
        null,
        0,
        null,
        0,
        0,
        null,
        null,
        0,
        0,
        0,
        0,
        0,
        0,
        0,
        0,
        0,
        0,
        0,
        0,
        null,
        0,
        null,
        0,
        0,
        0,
        0,
        0,
        null,
        null,
        null,
        null,
        1,
        0,
        0,
        0,
        0,
        0,
        0,
        0,
        0,
        null,
        null,
        0,
        0,
        0,
        0,
        0,
        0,
        null,
        null,
        0,
        0,
        0,
        0,
        null,
        0,
        null,
        null,
        null,
        null,
        null,
        1,
        0,
        0,
        0,
        0,
        0,
        0,
        0,
        0,
        0,
        null,
        null,
        null,
        null,
        0,
        0,
        0,
        0,
        0,
        0,
        null,
        null,
        0,
        0,
        null,
        null,
        null,
        null,
        null,
        null,
        null,
        1,
        0,
        0,
        null,
        null,
        null,
        1,
        0,
        null,
        null,
        null,
        1,
        null,
        null,
        null,
        null,
        1,
        0,
        null,
        0,
        0,
        0,
        0,
        null,
        0,
        0,
        null,
        null,
        null,
        null,
        null,
        null,
        1,
        0,
        0,
        0,
        0,
        null,
        0,
        0,
        null,
        null,
        null,
        null,
        null,
        null,
        1,
        0,
        0,
        0,
        0,
        0,
        0,
        null,
        null,
        null,
        1,
        null,
        1,
        0,
        null,
        null,
        null,
        1,
        0,
        null,
        null
      ],
      "/home/ec2-user/environment/group10-19-s1-esas/spec/models/candidate_spec.rb": [
        1,
        null,
        1,
        null,
        null
      ],
      "/home/ec2-user/environment/group10-19-s1-esas/app/models/candidate.rb": [
        1,
        1,
        null,
        1,
        null
      ],
      "/home/ec2-user/environment/group10-19-s1-esas/app/models/application_record.rb": [
        1,
        1,
        null
      ],
      "/home/ec2-user/environment/group10-19-s1-esas/spec/models/party_spec.rb": [
        1,
        null,
        1,
        null,
        null
      ],
      "/home/ec2-user/environment/group10-19-s1-esas/app/models/party.rb": [
        1,
        1,
        null,
        1,
        null
      ],
      "/home/ec2-user/environment/group10-19-s1-esas/spec/models/vote_spec.rb": [
        1,
        null,
        1,
        null,
        null
      ],
      "/home/ec2-user/environment/group10-19-s1-esas/app/models/vote.rb": [
        1,
        1,
        null
      ],
      "/home/ec2-user/environment/group10-19-s1-esas/spec/models/voter_spec.rb": [
        1,
        null,
        1,
        1,
        1,
        1,
        1,
        1,
        null,
        1,
        1,
        1,
        1,
        1,
        1,
        null,
        null
      ],
      "/home/ec2-user/environment/group10-19-s1-esas/app/models/voter.rb": [
        1,
        1,
        1,
        3,
        3,
        2,
        null,
        1,
        1,
        1,
        null,
        null,
        null
      ]
    },
    "timestamp": 1560437785
  }
}
